\BOOKMARK [1][-]{section.1}{\376\377\000C\000o\000n\000t\000e\000n\000i\000d\000o\000\040\000d\000e\000l\000\040\000c\000u\000r\000s\000o}{}% 1
\BOOKMARK [2][-]{subsection.1.1}{\376\377\000M\000e\000t\000o\000d\000o\000l\000o\000g\000\355\000a\000\040\000d\000e\000l\000\040\000c\000u\000r\000s\000o}{section.1}% 2
\BOOKMARK [2][-]{subsection.1.2}{\376\377\000E\000v\000a\000l\000u\000a\000c\000i\000\363\000n\000\040\000d\000e\000l\000\040\000c\000u\000r\000s\000o}{section.1}% 3
\BOOKMARK [2][-]{subsection.1.3}{\376\377\000C\000i\000e\000n\000t\000\355\000f\000i\000c\000o\000s\000\040\000p\000r\000o\000m\000i\000n\000e\000n\000t\000e\000s}{section.1}% 4
\BOOKMARK [1][-]{section.2}{\376\377\000F\000u\000n\000d\000a\000m\000e\000n\000t\000o\000s}{}% 5
\BOOKMARK [1][-]{section.3}{\376\377\000I\000n\000t\000r\000o\000d\000u\000c\000c\000i\000\363\000n}{}% 6
\BOOKMARK [1][-]{section.4}{\376\377\000P\000r\000o\000g\000r\000a\000m\000a\000c\000i\000\363\000n\000\040\000L\000i\000n\000e\000a\000l}{}% 7
\BOOKMARK [1][-]{section.5}{\376\377\000D\000e\000p\000a\000r\000t\000m\000e\000n\000t\000\040\000T\000i\000m\000e\000\040\000C\000o\000n\000s\000t\000r\000a\000i\000n\000t\000s}{}% 8
\BOOKMARK [1][-]{section.6}{\376\377\000G\000r\000a\000p\000h\000i\000c\000a\000l\000\040\000S\000o\000l\000u\000t\000i\000o\000n}{}% 9
\BOOKMARK [1][-]{section.7}{\376\377\000D\000e\000f\000i\000n\000i\000t\000i\000o\000n\000:\000\040\000L\000i\000n\000e\000a\000r\000\040\000P\000r\000o\000g\000r\000a\000m\000m\000i\000n\000g\000\040\000P\000r\000o\000b\000l\000e\000m}{}% 10
\BOOKMARK [1][-]{section.8}{\376\377\000F\000e\000a\000s\000i\000b\000l\000e\000\040\000R\000e\000g\000i\000o\000n\000\040\000a\000n\000d\000\040\000O\000p\000t\000i\000m\000a\000l\000\040\000S\000o\000l\000u\000t\000i\000o\000n}{}% 11
\BOOKMARK [1][-]{section.9}{\376\377\000C\000a\000n\000o\000n\000i\000c\000a\000l\000\040\000L\000i\000n\000e\000a\000r\000\040\000P\000r\000o\000g\000r\000a\000m\000m\000i\000n\000g\000\040\000P\000r\000o\000b\000l\000e\000m}{}% 12
\BOOKMARK [1][-]{section.10}{\376\377\000S\000t\000a\000n\000d\000a\000r\000d\000\040\000M\000a\000x\000i\000m\000u\000m\000\040\000P\000r\000o\000b\000l\000e\000m}{}% 13
\BOOKMARK [1][-]{section.11}{\376\377\000S\000t\000a\000n\000d\000a\000r\000d\000\040\000M\000i\000n\000i\000m\000u\000m\000\040\000P\000r\000o\000b\000l\000e\000m}{}% 14
\BOOKMARK [1][-]{section.12}{\376\377\000E\000x\000t\000r\000e\000m\000e\000\040\000P\000o\000i\000n\000t\000s\000\040\000a\000n\000d\000\040\000O\000p\000t\000i\000m\000a\000l\000i\000t\000y}{}% 15
\BOOKMARK [1][-]{section.13}{\376\377\000R\000e\000s\000o\000u\000r\000c\000e\000\040\000A\000l\000l\000o\000c\000a\000t\000i\000o\000n\000\040\000M\000o\000d\000e\000l}{}% 16
\BOOKMARK [1][-]{section.14}{\376\377\000E\000j\000e\000m\000\040\0001\000:\000\040\000T\000h\000e\000\040\000D\000i\000e\000t\000\040\000P\000r\000o\000b\000l\000e\000m}{}% 17
\BOOKMARK [1][-]{section.15}{\376\377\000E\000j\000e\000m\000\040\0002\000:\000\040\000T\000h\000e\000\040\000T\000r\000a\000n\000s\000p\000o\000r\000t\000a\000t\000i\000o\000n\000\040\000P\000r\000o\000b\000l\000e\000m}{}% 18
\BOOKMARK [1][-]{section.16}{\376\377\000L\000i\000n\000e\000a\000r\000\040\000P\000r\000o\000g\000r\000a\000m\000\040\000i\000n\000\040\000M\000a\000t\000r\000i\000x\000\040\000F\000o\000r\000m}{}% 19
\BOOKMARK [1][-]{section.17}{\376\377\000B\000a\000s\000i\000c\000\040\000T\000e\000r\000m\000i\000n\000o\000l\000o\000g\000y}{}% 20
\BOOKMARK [1][-]{section.18}{\376\377\000E\000q\000u\000i\000v\000a\000l\000e\000n\000t\000\040\000F\000o\000r\000m\000s}{}% 21
\BOOKMARK [1][-]{section.19}{\376\377\000G\000e\000o\000m\000e\000t\000r\000y\000\040\000o\000f\000\040\000L\000i\000n\000e\000a\000r\000\040\000P\000r\000o\000g\000r\000a\000m\000m\000i\000n\000g}{}% 22
\BOOKMARK [1][-]{section.20}{\376\377\000C\000o\000r\000o\000l\000l\000a\000r\000i\000e\000s}{}% 23
\BOOKMARK [1][-]{section.21}{\376\377\000S\000t\000a\000n\000d\000a\000r\000d\000\040\000M\000a\000x\000i\000m\000u\000m\000\040\000a\000n\000d\000\040\000M\000i\000n\000i\000m\000u\000m\000\040\000P\000r\000o\000b\000l\000e\000m\000s}{}% 24
\BOOKMARK [2][-]{subsection.21.1}{\376\377\000W\000h\000a\000t\000\040\000i\000s\000\040\000a\000\040\000L\000i\000n\000e\000a\000r\000\040\000P\000r\000o\000g\000r\000a\000m\000m\000i\000n\000g\000\040\000\050\000L\000P\000\051\000\040\000P\000r\000o\000b\000l\000e\000m\000?}{section.21}% 25
\BOOKMARK [2][-]{subsection.21.2}{\376\377\000M\000o\000d\000e\000l\000i\000n\000g\000\040\000L\000P\000\040\000P\000r\000o\000b\000l\000e\000m\000s}{section.21}% 26
\BOOKMARK [1][-]{section.22}{\376\377\000G\000r\000a\000f\000i\000c\000a\000r}{}% 27
