This is pdfTeX, Version 3.141592653-2.6-1.40.26 (TeX Live 2024) (preloaded format=pdflatex 2024.11.10)  24 MAR 2026 09:34
entering extended mode
 restricted \write18 enabled.
 file:line:error style messages enabled.
 %&-line parsing enabled.
**NotasCursoOptimizacion.tex
(./NotasCursoOptimizacion.tex
LaTeX2e <2023-11-01> patch level 1
L3 programming layer <2024-02-20>
(/usr/local/texlive/2024/texmf-dist/tex/latex/base/article.cls
Document Class: article 2023/05/17 v1.4n Standard LaTeX document class
(/usr/local/texlive/2024/texmf-dist/tex/latex/base/size12.clo
File: size12.clo 2023/05/17 v1.4n Standard LaTeX file (size option)
)
\c@part=\count188
\c@section=\count189
\c@subsection=\count190
\c@subsubsection=\count191
\c@paragraph=\count192
\c@subparagraph=\count193
\c@figure=\count194
\c@table=\count195
\abovecaptionskip=\skip48
\belowcaptionskip=\skip49
\bibindent=\dimen140
)
(/usr/local/texlive/2024/texmf-dist/tex/latex/base/inputenc.sty
Package: inputenc 2021/02/14 v1.3d Input encoding file
\inpenc@prehook=\toks17
\inpenc@posthook=\toks18
)
(/usr/local/texlive/2024/texmf-dist/tex/generic/babel/babel.sty
Package: babel 2024/02/07 v24.2 The Babel package
\babel@savecnt=\count196
\U@D=\dimen141
\l@unhyphenated=\language89

(/usr/local/texlive/2024/texmf-dist/tex/generic/babel/txtbabel.def)
\bbl@readstream=\read2
\bbl@dirlevel=\count197

(/usr/local/texlive/2024/texmf-dist/tex/generic/babel-spanish/spanish.ldf
Language: spanish.ldf 2021/05/27 v5.0q Spanish support from the babel system
\es@quottoks=\toks19
\es@quotdepth=\count198
Package babel Info: Making " an active character on input line 570.
Package babel Info: Making . an active character on input line 675.
Package babel Info: Making < an active character on input line 722.
Package babel Info: Making > an active character on input line 722.
))
(/usr/local/texlive/2024/texmf-dist/tex/generic/babel/locale/es/babel-spanish.t
ex
Package babel Info: Importing font and identification data for spanish
(babel)             from babel-es.ini. Reported on input line 11.
) (/usr/local/texlive/2024/texmf-dist/tex/latex/geometry/geometry.sty
Package: geometry 2020/01/02 v5.9 Page Geometry

(/usr/local/texlive/2024/texmf-dist/tex/latex/graphics/keyval.sty
Package: keyval 2022/05/29 v1.15 key=value parser (DPC)
\KV@toks@=\toks20
)
(/usr/local/texlive/2024/texmf-dist/tex/generic/iftex/ifvtex.sty
Package: ifvtex 2019/10/25 v1.7 ifvtex legacy package. Use iftex instead.

(/usr/local/texlive/2024/texmf-dist/tex/generic/iftex/iftex.sty
Package: iftex 2022/02/03 v1.0f TeX engine tests
))
\Gm@cnth=\count199
\Gm@cntv=\count266
\c@Gm@tempcnt=\count267
\Gm@bindingoffset=\dimen142
\Gm@wd@mp=\dimen143
\Gm@odd@mp=\dimen144
\Gm@even@mp=\dimen145
\Gm@layoutwidth=\dimen146
\Gm@layoutheight=\dimen147
\Gm@layouthoffset=\dimen148
\Gm@layoutvoffset=\dimen149
\Gm@dimlist=\toks21
)
(/usr/local/texlive/2024/texmf-dist/tex/latex/amsmath/amsmath.sty
Package: amsmath 2023/05/13 v2.17o AMS math features
\@mathmargin=\skip50

For additional information on amsmath, use the `?' option.
(/usr/local/texlive/2024/texmf-dist/tex/latex/amsmath/amstext.sty
Package: amstext 2021/08/26 v2.01 AMS text

(/usr/local/texlive/2024/texmf-dist/tex/latex/amsmath/amsgen.sty
File: amsgen.sty 1999/11/30 v2.0 generic functions
\@emptytoks=\toks22
\ex@=\dimen150
))
(/usr/local/texlive/2024/texmf-dist/tex/latex/amsmath/amsbsy.sty
Package: amsbsy 1999/11/29 v1.2d Bold Symbols
\pmbraise@=\dimen151
)
(/usr/local/texlive/2024/texmf-dist/tex/latex/amsmath/amsopn.sty
Package: amsopn 2022/04/08 v2.04 operator names
)
\inf@bad=\count268
LaTeX Info: Redefining \frac on input line 234.
\uproot@=\count269
\leftroot@=\count270
LaTeX Info: Redefining \overline on input line 399.
LaTeX Info: Redefining \colon on input line 410.
\classnum@=\count271
\DOTSCASE@=\count272
LaTeX Info: Redefining \ldots on input line 496.
LaTeX Info: Redefining \dots on input line 499.
LaTeX Info: Redefining \cdots on input line 620.
\Mathstrutbox@=\box51
\strutbox@=\box52
LaTeX Info: Redefining \big on input line 722.
LaTeX Info: Redefining \Big on input line 723.
LaTeX Info: Redefining \bigg on input line 724.
LaTeX Info: Redefining \Bigg on input line 725.
\big@size=\dimen152
LaTeX Font Info:    Redeclaring font encoding OML on input line 743.
LaTeX Font Info:    Redeclaring font encoding OMS on input line 744.
\macc@depth=\count273
LaTeX Info: Redefining \bmod on input line 905.
LaTeX Info: Redefining \pmod on input line 910.
LaTeX Info: Redefining \smash on input line 940.
LaTeX Info: Redefining \relbar on input line 970.
LaTeX Info: Redefining \Relbar on input line 971.
\c@MaxMatrixCols=\count274
\dotsspace@=\muskip16
\c@parentequation=\count275
\dspbrk@lvl=\count276
\tag@help=\toks23
\row@=\count277
\column@=\count278
\maxfields@=\count279
\andhelp@=\toks24
\eqnshift@=\dimen153
\alignsep@=\dimen154
\tagshift@=\dimen155
\tagwidth@=\dimen156
\totwidth@=\dimen157
\lineht@=\dimen158
\@envbody=\toks25
\multlinegap=\skip51
\multlinetaggap=\skip52
\mathdisplay@stack=\toks26
LaTeX Info: Redefining \[ on input line 2953.
LaTeX Info: Redefining \] on input line 2954.
)
(/usr/local/texlive/2024/texmf-dist/tex/latex/amscls/amsthm.sty
Package: amsthm 2020/05/29 v2.20.6
\thm@style=\toks27
\thm@bodyfont=\toks28
\thm@headfont=\toks29
\thm@notefont=\toks30
\thm@headpunct=\toks31
\thm@preskip=\skip53
\thm@postskip=\skip54
\thm@headsep=\skip55
\dth@everypar=\toks32
)
(/usr/local/texlive/2024/texmf-dist/tex/latex/amsfonts/amsfonts.sty
Package: amsfonts 2013/01/14 v3.01 Basic AMSFonts support
\symAMSa=\mathgroup4
\symAMSb=\mathgroup5
LaTeX Font Info:    Redeclaring math symbol \hbar on input line 98.
LaTeX Font Info:    Overwriting math alphabet `\mathfrak' in version `bold'
(Font)                  U/euf/m/n --> U/euf/b/n on input line 106.
)
(/usr/local/texlive/2024/texmf-dist/tex/latex/hyperref/hyperref.sty
Package: hyperref 2024-01-20 v7.01h Hypertext links for LaTeX

(/usr/local/texlive/2024/texmf-dist/tex/latex/kvsetkeys/kvsetkeys.sty
Package: kvsetkeys 2022-10-05 v1.19 Key value parser (HO)
)
(/usr/local/texlive/2024/texmf-dist/tex/generic/kvdefinekeys/kvdefinekeys.sty
Package: kvdefinekeys 2019-12-19 v1.6 Define keys (HO)
)
(/usr/local/texlive/2024/texmf-dist/tex/generic/pdfescape/pdfescape.sty
Package: pdfescape 2019/12/09 v1.15 Implements pdfTeX's escape features (HO)

(/usr/local/texlive/2024/texmf-dist/tex/generic/ltxcmds/ltxcmds.sty
Package: ltxcmds 2023-12-04 v1.26 LaTeX kernel commands for general use (HO)
)
(/usr/local/texlive/2024/texmf-dist/tex/generic/pdftexcmds/pdftexcmds.sty
Package: pdftexcmds 2020-06-27 v0.33 Utility functions of pdfTeX for LuaTeX (HO
)

(/usr/local/texlive/2024/texmf-dist/tex/generic/infwarerr/infwarerr.sty
Package: infwarerr 2019/12/03 v1.5 Providing info/warning/error messages (HO)
)
Package pdftexcmds Info: \pdf@primitive is available.
Package pdftexcmds Info: \pdf@ifprimitive is available.
Package pdftexcmds Info: \pdfdraftmode found.
))
(/usr/local/texlive/2024/texmf-dist/tex/latex/hycolor/hycolor.sty
Package: hycolor 2020-01-27 v1.10 Color options for hyperref/bookmark (HO)
)
(/usr/local/texlive/2024/texmf-dist/tex/latex/auxhook/auxhook.sty
Package: auxhook 2019-12-17 v1.6 Hooks for auxiliary files (HO)
)
(/usr/local/texlive/2024/texmf-dist/tex/latex/hyperref/nameref.sty
Package: nameref 2023-11-26 v2.56 Cross-referencing by name of section

(/usr/local/texlive/2024/texmf-dist/tex/latex/refcount/refcount.sty
Package: refcount 2019/12/15 v3.6 Data extraction from label references (HO)
)
(/usr/local/texlive/2024/texmf-dist/tex/generic/gettitlestring/gettitlestring.s
ty
Package: gettitlestring 2019/12/15 v1.6 Cleanup title references (HO)
 (/usr/local/texlive/2024/texmf-dist/tex/latex/kvoptions/kvoptions.sty
Package: kvoptions 2022-06-15 v3.15 Key value format for package options (HO)
))
\c@section@level=\count280
)
(/usr/local/texlive/2024/texmf-dist/tex/latex/etoolbox/etoolbox.sty
Package: etoolbox 2020/10/05 v2.5k e-TeX tools for LaTeX (JAW)
\etb@tempcnta=\count281
)
\@linkdim=\dimen159
\Hy@linkcounter=\count282
\Hy@pagecounter=\count283

(/usr/local/texlive/2024/texmf-dist/tex/latex/hyperref/pd1enc.def
File: pd1enc.def 2024-01-20 v7.01h Hyperref: PDFDocEncoding definition (HO)
Now handling font encoding PD1 ...
... no UTF-8 mapping file for font encoding PD1
)
(/usr/local/texlive/2024/texmf-dist/tex/generic/intcalc/intcalc.sty
Package: intcalc 2019/12/15 v1.3 Expandable calculations with integers (HO)
)
\Hy@SavedSpaceFactor=\count284

(/usr/local/texlive/2024/texmf-dist/tex/latex/hyperref/puenc.def
File: puenc.def 2024-01-20 v7.01h Hyperref: PDF Unicode definition (HO)
Now handling font encoding PU ...
... no UTF-8 mapping file for font encoding PU
)
Package hyperref Info: Hyper figures OFF on input line 4179.
Package hyperref Info: Link nesting OFF on input line 4184.
Package hyperref Info: Hyper index ON on input line 4187.
Package hyperref Info: Plain pages OFF on input line 4194.
Package hyperref Info: Backreferencing OFF on input line 4199.
Package hyperref Info: Implicit mode ON; LaTeX internals redefined.
Package hyperref Info: Bookmarks ON on input line 4446.
\c@Hy@tempcnt=\count285

(/usr/local/texlive/2024/texmf-dist/tex/latex/url/url.sty
\Urlmuskip=\muskip17
Package: url 2013/09/16  ver 3.4  Verb mode for urls, etc.
)
LaTeX Info: Redefining \url on input line 4784.
\XeTeXLinkMargin=\dimen160

(/usr/local/texlive/2024/texmf-dist/tex/generic/bitset/bitset.sty
Package: bitset 2019/12/09 v1.3 Handle bit-vector datatype (HO)

(/usr/local/texlive/2024/texmf-dist/tex/generic/bigintcalc/bigintcalc.sty
Package: bigintcalc 2019/12/15 v1.5 Expandable calculations on big integers (HO
)
))
\Fld@menulength=\count286
\Field@Width=\dimen161
\Fld@charsize=\dimen162
Package hyperref Info: Hyper figures OFF on input line 6063.
Package hyperref Info: Link nesting OFF on input line 6068.
Package hyperref Info: Hyper index ON on input line 6071.
Package hyperref Info: backreferencing OFF on input line 6078.
Package hyperref Info: Link coloring OFF on input line 6083.
Package hyperref Info: Link coloring with OCG OFF on input line 6088.
Package hyperref Info: PDF/A mode OFF on input line 6093.

(/usr/local/texlive/2024/texmf-dist/tex/latex/base/atbegshi-ltx.sty
Package: atbegshi-ltx 2021/01/10 v1.0c Emulation of the original atbegshi
package with kernel methods
)
\Hy@abspage=\count287
\c@Item=\count288
\c@Hfootnote=\count289
)
Package hyperref Info: Driver (autodetected): hpdftex.

(/usr/local/texlive/2024/texmf-dist/tex/latex/hyperref/hpdftex.def
File: hpdftex.def 2024-01-20 v7.01h Hyperref driver for pdfTeX

(/usr/local/texlive/2024/texmf-dist/tex/latex/base/atveryend-ltx.sty
Package: atveryend-ltx 2020/08/19 v1.0a Emulation of the original atveryend pac
kage
with kernel methods
)
\Fld@listcount=\count290
\c@bookmark@seq@number=\count291

(/usr/local/texlive/2024/texmf-dist/tex/latex/rerunfilecheck/rerunfilecheck.sty
Package: rerunfilecheck 2022-07-10 v1.10 Rerun checks for auxiliary files (HO)

(/usr/local/texlive/2024/texmf-dist/tex/generic/uniquecounter/uniquecounter.sty
Package: uniquecounter 2019/12/15 v1.4 Provide unlimited unique counter (HO)
)
Package uniquecounter Info: New unique counter `rerunfilecheck' on input line 2
85.
)
\Hy@SectionHShift=\skip56
) (/usr/local/texlive/2024/texmf-dist/tex/latex/fancyhdr/fancyhdr.sty
Package: fancyhdr 2022/11/09 v4.1 Extensive control of page headers and footers

\f@nch@headwidth=\skip57
\f@nch@O@elh=\skip58
\f@nch@O@erh=\skip59
\f@nch@O@olh=\skip60
\f@nch@O@orh=\skip61
\f@nch@O@elf=\skip62
\f@nch@O@erf=\skip63
\f@nch@O@olf=\skip64
\f@nch@O@orf=\skip65
)
(/usr/local/texlive/2024/texmf-dist/tex/latex/titlesec/titlesec.sty
Package: titlesec 2023/10/27 v2.16 Sectioning titles
\ttl@box=\box53
\beforetitleunit=\skip66
\aftertitleunit=\skip67
\ttl@plus=\dimen163
\ttl@minus=\dimen164
\ttl@toksa=\toks33
\titlewidth=\dimen165
\titlewidthlast=\dimen166
\titlewidthfirst=\dimen167
)
(/usr/local/texlive/2024/texmf-dist/tex/latex/listings/listings.sty
\lst@mode=\count292
\lst@gtempboxa=\box54
\lst@token=\toks34
\lst@length=\count293
\lst@currlwidth=\dimen168
\lst@column=\count294
\lst@pos=\count295
\lst@lostspace=\dimen169
\lst@width=\dimen170
\lst@newlines=\count296
\lst@lineno=\count297
\lst@maxwidth=\dimen171

(/usr/local/texlive/2024/texmf-dist/tex/latex/listings/lstpatch.sty
File: lstpatch.sty 2024/02/21 1.10 (Carsten Heinz)
)
(/usr/local/texlive/2024/texmf-dist/tex/latex/listings/lstmisc.sty
File: lstmisc.sty 2024/02/21 1.10 (Carsten Heinz)
\c@lstnumber=\count298
\lst@skipnumbers=\count299
\lst@framebox=\box55
)
(/usr/local/texlive/2024/texmf-dist/tex/latex/listings/listings.cfg
File: listings.cfg 2024/02/21 1.10 listings configuration
))
Package: listings 2024/02/21 1.10 (Carsten Heinz)

(/usr/local/texlive/2024/texmf-dist/tex/latex/tcolorbox/tcolorbox.sty
Package: tcolorbox 2024/01/10 version 6.2.0 text color boxes

(/usr/local/texlive/2024/texmf-dist/tex/latex/pgf/basiclayer/pgf.sty
(/usr/local/texlive/2024/texmf-dist/tex/latex/pgf/utilities/pgfrcs.sty
(/usr/local/texlive/2024/texmf-dist/tex/generic/pgf/utilities/pgfutil-common.te
x
\pgfutil@everybye=\toks35
\pgfutil@tempdima=\dimen172
\pgfutil@tempdimb=\dimen173
)
(/usr/local/texlive/2024/texmf-dist/tex/generic/pgf/utilities/pgfutil-latex.def
\pgfutil@abb=\box56
) (/usr/local/texlive/2024/texmf-dist/tex/generic/pgf/utilities/pgfrcs.code.tex
(/usr/local/texlive/2024/texmf-dist/tex/generic/pgf/pgf.revision.tex)
Package: pgfrcs 2023-01-15 v3.1.10 (3.1.10)
))
Package: pgf 2023-01-15 v3.1.10 (3.1.10)

(/usr/local/texlive/2024/texmf-dist/tex/latex/pgf/basiclayer/pgfcore.sty
(/usr/local/texlive/2024/texmf-dist/tex/latex/graphics/graphicx.sty
Package: graphicx 2021/09/16 v1.2d Enhanced LaTeX Graphics (DPC,SPQR)

(/usr/local/texlive/2024/texmf-dist/tex/latex/graphics/graphics.sty
Package: graphics 2022/03/10 v1.4e Standard LaTeX Graphics (DPC,SPQR)

(/usr/local/texlive/2024/texmf-dist/tex/latex/graphics/trig.sty
Package: trig 2021/08/11 v1.11 sin cos tan (DPC)
)
(/usr/local/texlive/2024/texmf-dist/tex/latex/graphics-cfg/graphics.cfg
File: graphics.cfg 2016/06/04 v1.11 sample graphics configuration
)
Package graphics Info: Driver file: pdftex.def on input line 107.

(/usr/local/texlive/2024/texmf-dist/tex/latex/graphics-def/pdftex.def
File: pdftex.def 2022/09/22 v1.2b Graphics/color driver for pdftex
))
\Gin@req@height=\dimen174
\Gin@req@width=\dimen175
)
(/usr/local/texlive/2024/texmf-dist/tex/latex/pgf/systemlayer/pgfsys.sty
(/usr/local/texlive/2024/texmf-dist/tex/generic/pgf/systemlayer/pgfsys.code.tex
Package: pgfsys 2023-01-15 v3.1.10 (3.1.10)
(/usr/local/texlive/2024/texmf-dist/tex/generic/pgf/utilities/pgfkeys.code.tex
\pgfkeys@pathtoks=\toks36
\pgfkeys@temptoks=\toks37

(/usr/local/texlive/2024/texmf-dist/tex/generic/pgf/utilities/pgfkeyslibraryfil
tered.code.tex
\pgfkeys@tmptoks=\toks38
))
\pgf@x=\dimen176
\pgf@y=\dimen177
\pgf@xa=\dimen178
\pgf@ya=\dimen179
\pgf@xb=\dimen180
\pgf@yb=\dimen181
\pgf@xc=\dimen182
\pgf@yc=\dimen183
\pgf@xd=\dimen184
\pgf@yd=\dimen185
\w@pgf@writea=\write3
\r@pgf@reada=\read3
\c@pgf@counta=\count300
\c@pgf@countb=\count301
\c@pgf@countc=\count302
\c@pgf@countd=\count303
\t@pgf@toka=\toks39
\t@pgf@tokb=\toks40
\t@pgf@tokc=\toks41
\pgf@sys@id@count=\count304

(/usr/local/texlive/2024/texmf-dist/tex/generic/pgf/systemlayer/pgf.cfg
File: pgf.cfg 2023-01-15 v3.1.10 (3.1.10)
)
Driver file for pgf: pgfsys-pdftex.def

(/usr/local/texlive/2024/texmf-dist/tex/generic/pgf/systemlayer/pgfsys-pdftex.d
ef
File: pgfsys-pdftex.def 2023-01-15 v3.1.10 (3.1.10)

(/usr/local/texlive/2024/texmf-dist/tex/generic/pgf/systemlayer/pgfsys-common-p
df.def
File: pgfsys-common-pdf.def 2023-01-15 v3.1.10 (3.1.10)
)))
(/usr/local/texlive/2024/texmf-dist/tex/generic/pgf/systemlayer/pgfsyssoftpath.
code.tex
File: pgfsyssoftpath.code.tex 2023-01-15 v3.1.10 (3.1.10)
\pgfsyssoftpath@smallbuffer@items=\count305
\pgfsyssoftpath@bigbuffer@items=\count306
)
(/usr/local/texlive/2024/texmf-dist/tex/generic/pgf/systemlayer/pgfsysprotocol.
code.tex
File: pgfsysprotocol.code.tex 2023-01-15 v3.1.10 (3.1.10)
)) (/usr/local/texlive/2024/texmf-dist/tex/latex/xcolor/xcolor.sty
Package: xcolor 2023/11/15 v3.01 LaTeX color extensions (UK)

(/usr/local/texlive/2024/texmf-dist/tex/latex/graphics-cfg/color.cfg
File: color.cfg 2016/01/02 v1.6 sample color configuration
)
Package xcolor Info: Driver file: pdftex.def on input line 274.

(/usr/local/texlive/2024/texmf-dist/tex/latex/graphics/mathcolor.ltx)
Package xcolor Info: Model `cmy' substituted by `cmy0' on input line 1350.
Package xcolor Info: Model `hsb' substituted by `rgb' on input line 1354.
Package xcolor Info: Model `RGB' extended on input line 1366.
Package xcolor Info: Model `HTML' substituted by `rgb' on input line 1368.
Package xcolor Info: Model `Hsb' substituted by `hsb' on input line 1369.
Package xcolor Info: Model `tHsb' substituted by `hsb' on input line 1370.
Package xcolor Info: Model `HSB' substituted by `hsb' on input line 1371.
Package xcolor Info: Model `Gray' substituted by `gray' on input line 1372.
Package xcolor Info: Model `wave' substituted by `hsb' on input line 1373.
)
(/usr/local/texlive/2024/texmf-dist/tex/generic/pgf/basiclayer/pgfcore.code.tex
Package: pgfcore 2023-01-15 v3.1.10 (3.1.10)
(/usr/local/texlive/2024/texmf-dist/tex/generic/pgf/math/pgfmath.code.tex
(/usr/local/texlive/2024/texmf-dist/tex/generic/pgf/math/pgfmathutil.code.tex)
(/usr/local/texlive/2024/texmf-dist/tex/generic/pgf/math/pgfmathparser.code.tex
\pgfmath@dimen=\dimen186
\pgfmath@count=\count307
\pgfmath@box=\box57
\pgfmath@toks=\toks42
\pgfmath@stack@operand=\toks43
\pgfmath@stack@operation=\toks44
)
(/usr/local/texlive/2024/texmf-dist/tex/generic/pgf/math/pgfmathfunctions.code.
tex)
(/usr/local/texlive/2024/texmf-dist/tex/generic/pgf/math/pgfmathfunctions.basic
.code.tex)
(/usr/local/texlive/2024/texmf-dist/tex/generic/pgf/math/pgfmathfunctions.trigo
nometric.code.tex)
(/usr/local/texlive/2024/texmf-dist/tex/generic/pgf/math/pgfmathfunctions.rando
m.code.tex)
(/usr/local/texlive/2024/texmf-dist/tex/generic/pgf/math/pgfmathfunctions.compa
rison.code.tex)
(/usr/local/texlive/2024/texmf-dist/tex/generic/pgf/math/pgfmathfunctions.base.
code.tex)
(/usr/local/texlive/2024/texmf-dist/tex/generic/pgf/math/pgfmathfunctions.round
.code.tex)
(/usr/local/texlive/2024/texmf-dist/tex/generic/pgf/math/pgfmathfunctions.misc.
code.tex)
(/usr/local/texlive/2024/texmf-dist/tex/generic/pgf/math/pgfmathfunctions.integ
erarithmetics.code.tex)
(/usr/local/texlive/2024/texmf-dist/tex/generic/pgf/math/pgfmathcalc.code.tex)
(/usr/local/texlive/2024/texmf-dist/tex/generic/pgf/math/pgfmathfloat.code.tex
\c@pgfmathroundto@lastzeros=\count308
)) (/usr/local/texlive/2024/texmf-dist/tex/generic/pgf/math/pgfint.code.tex)
(/usr/local/texlive/2024/texmf-dist/tex/generic/pgf/basiclayer/pgfcorepoints.co
de.tex
File: pgfcorepoints.code.tex 2023-01-15 v3.1.10 (3.1.10)
\pgf@picminx=\dimen187
\pgf@picmaxx=\dimen188
\pgf@picminy=\dimen189
\pgf@picmaxy=\dimen190
\pgf@pathminx=\dimen191
\pgf@pathmaxx=\dimen192
\pgf@pathminy=\dimen193
\pgf@pathmaxy=\dimen194
\pgf@xx=\dimen195
\pgf@xy=\dimen196
\pgf@yx=\dimen197
\pgf@yy=\dimen198
\pgf@zx=\dimen199
\pgf@zy=\dimen256
)
(/usr/local/texlive/2024/texmf-dist/tex/generic/pgf/basiclayer/pgfcorepathconst
ruct.code.tex
File: pgfcorepathconstruct.code.tex 2023-01-15 v3.1.10 (3.1.10)
\pgf@path@lastx=\dimen257
\pgf@path@lasty=\dimen258
)
(/usr/local/texlive/2024/texmf-dist/tex/generic/pgf/basiclayer/pgfcorepathusage
.code.tex
File: pgfcorepathusage.code.tex 2023-01-15 v3.1.10 (3.1.10)
\pgf@shorten@end@additional=\dimen259
\pgf@shorten@start@additional=\dimen260
)
(/usr/local/texlive/2024/texmf-dist/tex/generic/pgf/basiclayer/pgfcorescopes.co
de.tex
File: pgfcorescopes.code.tex 2023-01-15 v3.1.10 (3.1.10)
\pgfpic=\box58
\pgf@hbox=\box59
\pgf@layerbox@main=\box60
\pgf@picture@serial@count=\count309
)
(/usr/local/texlive/2024/texmf-dist/tex/generic/pgf/basiclayer/pgfcoregraphicst
ate.code.tex
File: pgfcoregraphicstate.code.tex 2023-01-15 v3.1.10 (3.1.10)
\pgflinewidth=\dimen261
)
(/usr/local/texlive/2024/texmf-dist/tex/generic/pgf/basiclayer/pgfcoretransform
ations.code.tex
File: pgfcoretransformations.code.tex 2023-01-15 v3.1.10 (3.1.10)
\pgf@pt@x=\dimen262
\pgf@pt@y=\dimen263
\pgf@pt@temp=\dimen264
)
(/usr/local/texlive/2024/texmf-dist/tex/generic/pgf/basiclayer/pgfcorequick.cod
e.tex
File: pgfcorequick.code.tex 2023-01-15 v3.1.10 (3.1.10)
)
(/usr/local/texlive/2024/texmf-dist/tex/generic/pgf/basiclayer/pgfcoreobjects.c
ode.tex
File: pgfcoreobjects.code.tex 2023-01-15 v3.1.10 (3.1.10)
)
(/usr/local/texlive/2024/texmf-dist/tex/generic/pgf/basiclayer/pgfcorepathproce
ssing.code.tex
File: pgfcorepathprocessing.code.tex 2023-01-15 v3.1.10 (3.1.10)
)
(/usr/local/texlive/2024/texmf-dist/tex/generic/pgf/basiclayer/pgfcorearrows.co
de.tex
File: pgfcorearrows.code.tex 2023-01-15 v3.1.10 (3.1.10)
\pgfarrowsep=\dimen265
)
(/usr/local/texlive/2024/texmf-dist/tex/generic/pgf/basiclayer/pgfcoreshade.cod
e.tex
File: pgfcoreshade.code.tex 2023-01-15 v3.1.10 (3.1.10)
\pgf@max=\dimen266
\pgf@sys@shading@range@num=\count310
\pgf@shadingcount=\count311
)
(/usr/local/texlive/2024/texmf-dist/tex/generic/pgf/basiclayer/pgfcoreimage.cod
e.tex
File: pgfcoreimage.code.tex 2023-01-15 v3.1.10 (3.1.10)
)
(/usr/local/texlive/2024/texmf-dist/tex/generic/pgf/basiclayer/pgfcoreexternal.
code.tex
File: pgfcoreexternal.code.tex 2023-01-15 v3.1.10 (3.1.10)
\pgfexternal@startupbox=\box61
)
(/usr/local/texlive/2024/texmf-dist/tex/generic/pgf/basiclayer/pgfcorelayers.co
de.tex
File: pgfcorelayers.code.tex 2023-01-15 v3.1.10 (3.1.10)
)
(/usr/local/texlive/2024/texmf-dist/tex/generic/pgf/basiclayer/pgfcoretranspare
ncy.code.tex
File: pgfcoretransparency.code.tex 2023-01-15 v3.1.10 (3.1.10)
)
(/usr/local/texlive/2024/texmf-dist/tex/generic/pgf/basiclayer/pgfcorepatterns.
code.tex
File: pgfcorepatterns.code.tex 2023-01-15 v3.1.10 (3.1.10)
)
(/usr/local/texlive/2024/texmf-dist/tex/generic/pgf/basiclayer/pgfcorerdf.code.
tex
File: pgfcorerdf.code.tex 2023-01-15 v3.1.10 (3.1.10)
)))
(/usr/local/texlive/2024/texmf-dist/tex/generic/pgf/modules/pgfmoduleshapes.cod
e.tex
File: pgfmoduleshapes.code.tex 2023-01-15 v3.1.10 (3.1.10)
\pgfnodeparttextbox=\box62
)
(/usr/local/texlive/2024/texmf-dist/tex/generic/pgf/modules/pgfmoduleplot.code.
tex
File: pgfmoduleplot.code.tex 2023-01-15 v3.1.10 (3.1.10)
)
(/usr/local/texlive/2024/texmf-dist/tex/latex/pgf/compatibility/pgfcomp-version
-0-65.sty
Package: pgfcomp-version-0-65 2023-01-15 v3.1.10 (3.1.10)
\pgf@nodesepstart=\dimen267
\pgf@nodesepend=\dimen268
)
(/usr/local/texlive/2024/texmf-dist/tex/latex/pgf/compatibility/pgfcomp-version
-1-18.sty
Package: pgfcomp-version-1-18 2023-01-15 v3.1.10 (3.1.10)
)) (/usr/local/texlive/2024/texmf-dist/tex/latex/tools/verbatim.sty
Package: verbatim 2023-11-06 v1.5v LaTeX2e package for verbatim enhancements
\every@verbatim=\toks45
\verbatim@line=\toks46
\verbatim@in@stream=\read4
)
(/usr/local/texlive/2024/texmf-dist/tex/latex/environ/environ.sty
Package: environ 2014/05/04 v0.3 A new way to define environments

(/usr/local/texlive/2024/texmf-dist/tex/latex/trimspaces/trimspaces.sty
Package: trimspaces 2009/09/17 v1.1 Trim spaces around a token list
))
\tcb@titlebox=\box63
\tcb@upperbox=\box64
\tcb@lowerbox=\box65
\tcb@phantombox=\box66
\c@tcbbreakpart=\count312
\c@tcblayer=\count313
\c@tcolorbox@number=\count314
\l__tcobox_tmpa_box=\box67
\l__tcobox_tmpa_dim=\dimen269
\tcb@temp=\box68
\tcb@temp=\box69
\tcb@temp=\box70
\tcb@temp=\box71
)
(/usr/local/texlive/2024/texmf-dist/tex/latex/tools/multicol.sty
Package: multicol 2023/03/30 v1.9f multicolumn formatting (FMi)
\c@tracingmulticols=\count315
\mult@box=\box72
\multicol@leftmargin=\dimen270
\c@unbalance=\count316
\c@collectmore=\count317
\doublecol@number=\count318
\multicoltolerance=\count319
\multicolpretolerance=\count320
\full@width=\dimen271
\page@free=\dimen272
\premulticols=\dimen273
\postmulticols=\dimen274
\multicolsep=\skip68
\multicolbaselineskip=\skip69
\partial@page=\box73
\last@line=\box74
\mc@boxedresult=\box75
\maxbalancingoverflow=\dimen275
\mult@rightbox=\box76
\mult@grightbox=\box77
\mult@firstbox=\box78
\mult@gfirstbox=\box79
\@tempa=\box80
\@tempa=\box81
\@tempa=\box82
\@tempa=\box83
\@tempa=\box84
\@tempa=\box85
\@tempa=\box86
\@tempa=\box87
\@tempa=\box88
\@tempa=\box89
\@tempa=\box90
\@tempa=\box91
\@tempa=\box92
\@tempa=\box93
\@tempa=\box94
\@tempa=\box95
\@tempa=\box96
\@tempa=\box97
\@tempa=\box98
\@tempa=\box99
\@tempa=\box100
\@tempa=\box101
\@tempa=\box102
\@tempa=\box103
\@tempa=\box104
\@tempa=\box105
\@tempa=\box106
\@tempa=\box107
\@tempa=\box108
\@tempa=\box109
\@tempa=\box110
\@tempa=\box111
\@tempa=\box112
\@tempa=\box113
\@tempa=\box114
\@tempa=\box115
\c@minrows=\count321
\c@columnbadness=\count322
\c@finalcolumnbadness=\count323
\last@try=\dimen276
\multicolovershoot=\dimen277
\multicolundershoot=\dimen278
\mult@nat@firstbox=\box116
\colbreak@box=\box117
\mc@col@check@num=\count324
)
(/usr/local/texlive/2024/texmf-dist/tex/latex/multirow/multirow.sty
Package: multirow 2021/03/15 v2.8 Span multiple rows of a table
\multirow@colwidth=\skip70
\multirow@cntb=\count325
\multirow@dima=\skip71
\bigstrutjot=\dimen279
)
(/usr/local/texlive/2024/texmf-dist/tex/latex/subfig/subfig.sty
Package: subfig 2005/06/28 ver: 1.3 subfig package

(/usr/local/texlive/2024/texmf-dist/tex/latex/caption/caption.sty
Package: caption 2023/08/05 v3.6o Customizing captions (AR)

(/usr/local/texlive/2024/texmf-dist/tex/latex/caption/caption3.sty
Package: caption3 2023/07/31 v2.4d caption3 kernel (AR)
\caption@tempdima=\dimen280
\captionmargin=\dimen281
\caption@leftmargin=\dimen282
\caption@rightmargin=\dimen283
\caption@width=\dimen284
\caption@indent=\dimen285
\caption@parindent=\dimen286
\caption@hangindent=\dimen287
Package caption Info: Standard document class detected.
)
\c@caption@flags=\count326
\c@continuedfloat=\count327
Package caption Info: hyperref package is loaded.
Package caption Info: listings package is loaded.
)
\c@KVtest=\count328
\sf@farskip=\skip72
\sf@captopadj=\dimen288
\sf@capskip=\skip73
\sf@nearskip=\skip74
\c@subfigure=\count329
\c@subfigure@save=\count330
\c@lofdepth=\count331
\c@subtable=\count332
\c@subtable@save=\count333
\c@lotdepth=\count334
\sf@top=\skip75
\sf@bottom=\skip76
)
(/usr/local/texlive/2024/texmf-dist/tex/latex/graphics/rotating.sty
Package: rotating 2016/08/11 v2.16d rotated objects in LaTeX

(/usr/local/texlive/2024/texmf-dist/tex/latex/base/ifthen.sty
Package: ifthen 2022/04/13 v1.1d Standard LaTeX ifthen package (DPC)
)
\c@r@tfl@t=\count335
\rotFPtop=\skip77
\rotFPbot=\skip78
\rot@float@box=\box118
\rot@mess@toks=\toks47
)
(/usr/local/texlive/2024/texmf-dist/tex/latex/tools/enumerate.sty
Package: enumerate 2023/07/04 v3.00 enumerate extensions (DPC)
\@enLab=\toks48
)
(/usr/local/texlive/2024/texmf-dist/tex/latex/anysize/anysize.sty
Package: anysize 1994/08/13 setting margin sizes

document style option `anysize' loaded
Michael Salzenberg, Thomas Esser, Dirk Hillbrecht
Version 1.0, Aug 13, 1994
\@Leftmargin=\dimen289
\@Rightmargin=\dimen290
\@Topmargin=\dimen291
\@Bottommargin=\dimen292
) (/usr/local/texlive/2024/texmf-dist/tex/latex/imakeidx/imakeidx.sty
Package: imakeidx 2016/10/15 v1.3e Package for typesetting indices in a synchro
nous mode

(/usr/local/texlive/2024/texmf-dist/tex/latex/xkeyval/xkeyval.sty
Package: xkeyval 2022/06/16 v2.9 package option processing (HA)

(/usr/local/texlive/2024/texmf-dist/tex/generic/xkeyval/xkeyval.tex
(/usr/local/texlive/2024/texmf-dist/tex/generic/xkeyval/xkvutils.tex
\XKV@toks=\toks49
\XKV@tempa@toks=\toks50
)
\XKV@depth=\count336
File: xkeyval.tex 2014/12/03 v2.7a key=value parser (HA)
))
(/usr/local/texlive/2024/texmf-dist/tex/generic/iftex/ifxetex.sty
Package: ifxetex 2019/10/25 v0.7 ifxetex legacy package. Use iftex instead.
)
(/usr/local/texlive/2024/texmf-dist/tex/generic/iftex/ifluatex.sty
Package: ifluatex 2019/10/25 v1.5 ifluatex legacy package. Use iftex instead.
))
(/usr/local/texlive/2024/texmf-dist/tex/latex/float/float.sty
Package: float 2001/11/08 v1.3d Float enhancements (AL)
\c@float@type=\count337
\float@exts=\toks51
\float@box=\box119
\@float@everytoks=\toks52
\@floatcapt=\box120
)
(/usr/local/texlive/2024/texmf-dist/tex/latex/chngcntr/chngcntr.sty
Package: chngcntr 2018/04/09 v1.1a change counter resetting
Package chngcntr Info: \counterwithout already defined.
(chngcntr)             Quitting chngcntr on input line 21.
)
(/usr/local/texlive/2024/texmf-dist/tex/latex/enumitem/enumitem.sty
Package: enumitem 2019/06/20 v3.9 Customized lists
\labelindent=\skip79
\enit@outerparindent=\dimen293
\enit@toks=\toks53
\enit@inbox=\box121
\enit@count@id=\count338
\enitdp@description=\count339
)
\c@globalitem=\count340
\c@Criterio=\count341
\c@Sup=\count342
\c@Note=\count343
\c@Ejem=\count344
\c@Ejer=\count345
\c@Prop=\count346
\c@Coro=\count347
\c@Def=\count348
\c@Teo=\count349
\c@Algthm=\count350
\c@Sol=\count351
\c@Quest=\count352
\c@Obs=\count353
\c@Propty=\count354
\c@lem=\count355

(/usr/local/texlive/2024/texmf-dist/tex/latex/l3backend/l3backend-pdftex.def
File: l3backend-pdftex.def 2024-02-20 L3 backend support: PDF output (pdfTeX)
\l__color_backend_stack_int=\count356
\l__pdf_internal_box=\box122
)
(./NotasCursoOptimizacion.aux
LaTeX Info: Redefining \. on input line 11.
LaTeX Info: Redefining \% on input line 11.
)
\openout1 = `NotasCursoOptimizacion.aux'.

LaTeX Font Info:    Checking defaults for OML/cmm/m/it on input line 107.
LaTeX Font Info:    ... okay on input line 107.
LaTeX Font Info:    Checking defaults for OMS/cmsy/m/n on input line 107.
LaTeX Font Info:    ... okay on input line 107.
LaTeX Font Info:    Checking defaults for OT1/cmr/m/n on input line 107.
LaTeX Font Info:    ... okay on input line 107.
LaTeX Font Info:    Checking defaults for T1/cmr/m/n on input line 107.
LaTeX Font Info:    ... okay on input line 107.
LaTeX Font Info:    Checking defaults for TS1/cmr/m/n on input line 107.
LaTeX Font Info:    ... okay on input line 107.
LaTeX Font Info:    Checking defaults for OMX/cmex/m/n on input line 107.
LaTeX Font Info:    ... okay on input line 107.
LaTeX Font Info:    Checking defaults for U/cmr/m/n on input line 107.
LaTeX Font Info:    ... okay on input line 107.
LaTeX Font Info:    Checking defaults for PD1/pdf/m/n on input line 107.
LaTeX Font Info:    ... okay on input line 107.
LaTeX Font Info:    Checking defaults for PU/pdf/m/n on input line 107.
LaTeX Font Info:    ... okay on input line 107.
LaTeX Info: Redefining \. on input line 107.
LaTeX Info: Redefining \% on input line 107.

*geometry* driver: auto-detecting
*geometry* detected driver: pdftex
*geometry* verbose mode - [ preamble ] result:
* driver: pdftex
* paper: a4paper
* layout: <same size as paper>
* layoutoffset:(h,v)=(0.0pt,0.0pt)
* modes: includehead includefoot twoside 
* h-part:(L,W,R)=(42.67912pt, 519.26282pt, 35.56593pt)
* v-part:(T,H,B)=(42.67912pt, 773.91498pt, 28.45274pt)
* \paperwidth=597.50787pt
* \paperheight=845.04684pt
* \textwidth=455.24411pt
* \textheight=662.23584pt
* \oddsidemargin=13.08827pt
* \evensidemargin=-15.36449pt
* \topmargin=-15.36449pt
* \headheight=14.0pt
* \headsep=25.0pt
* \topskip=12.0pt
* \footskip=30.0pt
* \marginparwidth=95.0pt
* \marginparsep=10.0pt
* \columnsep=10.0pt
* \skip\footins=10.8pt plus 4.0pt minus 2.0pt
* \hoffset=0.0pt
* \voffset=0.0pt
* \mag=1000
* \@twocolumnfalse
* \@twosidetrue
* \@mparswitchtrue
* \@reversemarginfalse
* (1in=72.27pt=25.4mm, 1cm=28.453pt)

Package hyperref Info: Link coloring OFF on input line 107.
(./NotasCursoOptimizacion.out) (./NotasCursoOptimizacion.out)
\@outlinefile=\write4
\openout4 = `NotasCursoOptimizacion.out'.

\c@lstlisting=\count357

(/usr/local/texlive/2024/texmf-dist/tex/context/base/mkii/supp-pdf.mkii
[Loading MPS to PDF converter (version 2006.09.02).]
\scratchcounter=\count358
\scratchdimen=\dimen294
\scratchbox=\box123
\nofMPsegments=\count359
\nofMParguments=\count360
\everyMPshowfont=\toks54
\MPscratchCnt=\count361
\MPscratchDim=\dimen295
\MPnumerator=\count362
\makeMPintoPDFobject=\count363
\everyMPtoPDFconversion=\toks55
) (/usr/local/texlive/2024/texmf-dist/tex/latex/epstopdf-pkg/epstopdf-base.sty
Package: epstopdf-base 2020-01-24 v2.11 Base part for package epstopdf
Package epstopdf-base Info: Redefining graphics rule for `.eps' on input line 4
85.

(/usr/local/texlive/2024/texmf-dist/tex/latex/latexconfig/epstopdf-sys.cfg
File: epstopdf-sys.cfg 2010/07/13 v1.3 Configuration of (r)epstopdf for TeX Liv
e
))
Package caption Info: Begin \AtBeginDocument code.
Package caption Info: subfig package v1.3 is loaded.
Package caption Info: float package is loaded.
Package caption Info: rotating package is loaded.
Package caption Info: End \AtBeginDocument code.

[1

{/usr/local/texlive/2024/texmf-var/fonts/map/pdftex/updmap/pdftex.map}]
(./NotasCursoOptimizacion.toc
LaTeX Info: Redefining \. on input line 1.
LaTeX Info: Redefining \% on input line 1.
LaTeX Font Info:    Trying to load font information for U+msa on input line 3.

(/usr/local/texlive/2024/texmf-dist/tex/latex/amsfonts/umsa.fd
File: umsa.fd 2013/01/14 v3.01 AMS symbols A
)
LaTeX Font Info:    Trying to load font information for U+msb on input line 3.

(/usr/local/texlive/2024/texmf-dist/tex/latex/amsfonts/umsb.fd
File: umsb.fd 2013/01/14 v3.01 AMS symbols B
))
\tf@toc=\write5
\openout5 = `NotasCursoOptimizacion.toc'.

 [2] [3

]
(./Cap0_Presentacion.tex
LaTeX Info: Redefining \. on input line 59.
LaTeX Info: Redefining \% on input line 59.

pdfTeX warning (ext4): destination with the same identifier (name{page.1}) has 
been already used, duplicate ignored
<to be read again> 
                   \relax 
l.59 \item R
            iemann [1])
LaTeX Info: Redefining \. on input line 158.
LaTeX Info: Redefining \% on input line 158.
LaTeX Info: Redefining \. on input line 158.
LaTeX Info: Redefining \% on input line 158.

pdfTeX warning (ext4): destination with the same identifier (name{page.2}) has 
been already used, duplicate ignored
<to be read again> 
                   \relax 
l.158 \newpage
               [2] (./Cap1_Introduccion.tex
LaTeX Info: Redefining \. on input line 87.
LaTeX Info: Redefining \% on input line 87.

pdfTeX warning (ext4): destination with the same identifier (name{page.3}) has 
been already used, duplicate ignored
<to be read again> 
                   \relax 
l.87 \end{Teo}
               [3]
LaTeX Info: Redefining \. on input line 146.
LaTeX Info: Redefining \% on input line 146.
LaTeX Info: Redefining \. on input line 146.
LaTeX Info: Redefining \% on input line 146.
 [4]
Overfull \hbox (8.03964pt too wide) in paragraph at lines 172--173
[]$\OML/cmm/m/it/12 f$ \OT1/cmr/m/it/12 es es-tric-ta-men-te con-ve-xa en $\OML
/cmm/m/it/12 D$ \OT1/cmr/m/it/12 s^^S^^P y s^^Solo s^^S^^P $\OML/cmm/m/it/12 f 
[] < f [] \OT1/cmr/m/n/12 + [] \OML/cmm/m/it/12 f []$
 []

LaTeX Info: Redefining \. on input line 194.
LaTeX Info: Redefining \% on input line 194.
LaTeX Info: Redefining \. on input line 194.
LaTeX Info: Redefining \% on input line 194.
[5]
LaTeX Info: Redefining \. on input line 260.
LaTeX Info: Redefining \% on input line 260.
LaTeX Info: Redefining \. on input line 260.
LaTeX Info: Redefining \% on input line 260.
 [6]
LaTeX Info: Redefining \. on input line 313.
LaTeX Info: Redefining \% on input line 313.
LaTeX Info: Redefining \. on input line 313.
LaTeX Info: Redefining \% on input line 313.
 [7]
LaTeX Info: Redefining \. on input line 392.
LaTeX Info: Redefining \% on input line 392.
LaTeX Info: Redefining \. on input line 392.
LaTeX Info: Redefining \% on input line 392.
 [8]
LaTeX Info: Redefining \. on input line 484.
LaTeX Info: Redefining \% on input line 484.
LaTeX Info: Redefining \. on input line 484.
LaTeX Info: Redefining \% on input line 484.
 [9]
LaTeX Info: Redefining \. on input line 585.
LaTeX Info: Redefining \% on input line 585.
LaTeX Info: Redefining \. on input line 585.
LaTeX Info: Redefining \% on input line 585.
 [10]
LaTeX Info: Redefining \. on input line 681.
LaTeX Info: Redefining \% on input line 681.
LaTeX Info: Redefining \. on input line 681.
LaTeX Info: Redefining \% on input line 681.
 [11]
LaTeX Info: Redefining \. on input line 767.
LaTeX Info: Redefining \% on input line 767.
LaTeX Info: Redefining \. on input line 767.
LaTeX Info: Redefining \% on input line 767.
 [12]
LaTeX Info: Redefining \. on input line 852.
LaTeX Info: Redefining \% on input line 852.
LaTeX Info: Redefining \. on input line 852.
LaTeX Info: Redefining \% on input line 852.
 [13]
LaTeX Info: Redefining \. on input line 948.
LaTeX Info: Redefining \% on input line 948.
LaTeX Info: Redefining \. on input line 948.
LaTeX Info: Redefining \% on input line 948.
 [14]
LaTeX Info: Redefining \. on input line 1046.
LaTeX Info: Redefining \% on input line 1046.
LaTeX Info: Redefining \. on input line 1046.
LaTeX Info: Redefining \% on input line 1046.
 [15]
LaTeX Info: Redefining \. on input line 1136.
LaTeX Info: Redefining \% on input line 1136.
LaTeX Info: Redefining \. on input line 1136.
LaTeX Info: Redefining \% on input line 1136.
 [16])
LaTeX Info: Redefining \. on input line 161.
LaTeX Info: Redefining \% on input line 161.
LaTeX Info: Redefining \. on input line 161.
LaTeX Info: Redefining \% on input line 161.
 [17]
(./Cap2_ProgramacionLineal.tex
Underfull \hbox (badness 10000) in paragraph at lines 13--19
[][]
 []


Overfull \hbox (2.34312pt too wide) in paragraph at lines 48--54
[]$[]$ 
 []


Overfull \hbox (11.05829pt too wide) in paragraph at lines 55--61
[]$[]$ 
 []

LaTeX Info: Redefining \. on input line 165.
LaTeX Info: Redefining \% on input line 165.
[18]
LaTeX Info: Redefining \. on input line 244.
LaTeX Info: Redefining \% on input line 244.
LaTeX Info: Redefining \. on input line 244.
LaTeX Info: Redefining \% on input line 244.
 [19]
LaTeX Info: Redefining \. on input line 324.
LaTeX Info: Redefining \% on input line 324.
LaTeX Info: Redefining \. on input line 324.
LaTeX Info: Redefining \% on input line 324.
 [20]
Overfull \hbox (8.94193pt too wide) in paragraph at lines 405--407
[][]\OT1/cmr/bx/n/12 Definici^^Son 24 \OT1/cmr/m/n/12 (Li-near Fun-ction)\OT1/c
mr/bx/n/12 . []\OT1/cmr/m/it/12 A fun-ction $\OML/cmm/m/it/12 f\OT1/cmr/m/n/12 
(\OML/cmm/m/it/12 x[]; x[]; [] ; x[]\OT1/cmr/m/n/12 )$ \OT1/cmr/m/it/12 of the 
va-ria-bles $\OML/cmm/m/it/12 x[]; x[]; [] ; x[]$
 []

LaTeX Info: Redefining \. on input line 408.
LaTeX Info: Redefining \% on input line 408.
LaTeX Info: Redefining \. on input line 408.
LaTeX Info: Redefining \% on input line 408.
[21]
LaTeX Info: Redefining \. on input line 488.
LaTeX Info: Redefining \% on input line 488.
LaTeX Info: Redefining \. on input line 488.
LaTeX Info: Redefining \% on input line 488.
 [22]
LaTeX Info: Redefining \. on input line 568.
LaTeX Info: Redefining \% on input line 568.
LaTeX Info: Redefining \. on input line 568.
LaTeX Info: Redefining \% on input line 568.
 [23]

LaTeX Warning: `h' float specifier changed to `ht'.

LaTeX Info: Redefining \. on input line 657.
LaTeX Info: Redefining \% on input line 657.
LaTeX Info: Redefining \. on input line 657.
LaTeX Info: Redefining \% on input line 657.
[24]
LaTeX Info: Redefining \. on input line 703.
LaTeX Info: Redefining \% on input line 703.
LaTeX Info: Redefining \. on input line 703.
LaTeX Info: Redefining \% on input line 703.
 [25]
LaTeX Info: Redefining \. on input line 790.
LaTeX Info: Redefining \% on input line 790.
LaTeX Info: Redefining \. on input line 790.
LaTeX Info: Redefining \% on input line 790.
 [26]
Underfull \vbox (badness 10000) has occurred while \output is active []

LaTeX Info: Redefining \. on input line 867.
LaTeX Info: Redefining \% on input line 867.
LaTeX Info: Redefining \. on input line 867.
LaTeX Info: Redefining \% on input line 867.
 [27]
LaTeX Info: Redefining \. on input line 901.
LaTeX Info: Redefining \% on input line 901.
LaTeX Info: Redefining \. on input line 901.
LaTeX Info: Redefining \% on input line 901.

[28{/usr/local/texlive/2024/texmf-dist/fonts/enc/dvips/cm-super/cm-super-ts1.en
c}]
LaTeX Info: Redefining \. on input line 953.
LaTeX Info: Redefining \% on input line 953.
LaTeX Info: Redefining \. on input line 953.
LaTeX Info: Redefining \% on input line 953.
 [29]
LaTeX Info: Redefining \. on input line 1008.
LaTeX Info: Redefining \% on input line 1008.
LaTeX Info: Redefining \. on input line 1008.
LaTeX Info: Redefining \% on input line 1008.
 [30]
LaTeX Info: Redefining \. on input line 1070.
LaTeX Info: Redefining \% on input line 1070.
LaTeX Info: Redefining \. on input line 1070.
LaTeX Info: Redefining \% on input line 1070.
 [31]
LaTeX Info: Redefining \. on input line 1119.
LaTeX Info: Redefining \% on input line 1119.
LaTeX Info: Redefining \. on input line 1119.
LaTeX Info: Redefining \% on input line 1119.
 [32]
Underfull \vbox (badness 10000) has occurred while \output is active []

LaTeX Info: Redefining \. on input line 1163.
LaTeX Info: Redefining \% on input line 1163.
LaTeX Info: Redefining \. on input line 1163.
LaTeX Info: Redefining \% on input line 1163.
 [33]
Underfull \vbox (badness 10000) has occurred while \output is active []

LaTeX Info: Redefining \. on input line 1254.
LaTeX Info: Redefining \% on input line 1254.
LaTeX Info: Redefining \. on input line 1254.
LaTeX Info: Redefining \% on input line 1254.
 [34]
LaTeX Info: Redefining \. on input line 1274.
LaTeX Info: Redefining \% on input line 1274.
LaTeX Info: Redefining \. on input line 1274.
LaTeX Info: Redefining \% on input line 1274.

[35]
LaTeX Info: Redefining \. on input line 1352.
LaTeX Info: Redefining \% on input line 1352.
LaTeX Info: Redefining \. on input line 1352.
LaTeX Info: Redefining \% on input line 1352.
 [36]
LaTeX Info: Redefining \. on input line 1431.
LaTeX Info: Redefining \% on input line 1431.
LaTeX Info: Redefining \. on input line 1431.
LaTeX Info: Redefining \% on input line 1431.
 [37]
LaTeX Info: Redefining \. on input line 1509.
LaTeX Info: Redefining \% on input line 1509.
LaTeX Info: Redefining \. on input line 1509.
LaTeX Info: Redefining \% on input line 1509.
 [38]
LaTeX Info: Redefining \. on input line 1618.
LaTeX Info: Redefining \% on input line 1618.
LaTeX Info: Redefining \. on input line 1618.
LaTeX Info: Redefining \% on input line 1618.
 [39]
LaTeX Info: Redefining \. on input line 1693.
LaTeX Info: Redefining \% on input line 1693.
LaTeX Info: Redefining \. on input line 1693.
LaTeX Info: Redefining \% on input line 1693.
 [40]
LaTeX Info: Redefining \. on input line 1760.
LaTeX Info: Redefining \% on input line 1760.
LaTeX Info: Redefining \. on input line 1760.
LaTeX Info: Redefining \% on input line 1760.
 [41]
LaTeX Info: Redefining \. on input line 1837.
LaTeX Info: Redefining \% on input line 1837.
LaTeX Info: Redefining \. on input line 1837.
LaTeX Info: Redefining \% on input line 1837.
 [42]
LaTeX Info: Redefining \. on input line 1895.
LaTeX Info: Redefining \% on input line 1895.
LaTeX Info: Redefining \. on input line 1895.
LaTeX Info: Redefining \% on input line 1895.
 [43]
Overfull \hbox (16.56091pt too wide) in paragraph at lines 1967--1968
 [][] 
 []

LaTeX Info: Redefining \. on input line 1983.
LaTeX Info: Redefining \% on input line 1983.
LaTeX Info: Redefining \. on input line 1983.
LaTeX Info: Redefining \% on input line 1983.
[44]
LaTeX Info: Redefining \. on input line 2030.
LaTeX Info: Redefining \% on input line 2030.
LaTeX Info: Redefining \. on input line 2030.
LaTeX Info: Redefining \% on input line 2030.
 [45]
LaTeX Info: Redefining \. on input line 2080.
LaTeX Info: Redefining \% on input line 2080.
LaTeX Info: Redefining \. on input line 2080.
LaTeX Info: Redefining \% on input line 2080.
 [46]
LaTeX Info: Redefining \. on input line 2145.
LaTeX Info: Redefining \% on input line 2145.
LaTeX Info: Redefining \. on input line 2145.
LaTeX Info: Redefining \% on input line 2145.
 [47]
LaTeX Info: Redefining \. on input line 2192.
LaTeX Info: Redefining \% on input line 2192.
LaTeX Info: Redefining \. on input line 2192.
LaTeX Info: Redefining \% on input line 2192.
 [48]
LaTeX Info: Redefining \. on input line 2287.
LaTeX Info: Redefining \% on input line 2287.
LaTeX Info: Redefining \. on input line 2287.
LaTeX Info: Redefining \% on input line 2287.
 [49]
LaTeX Info: Redefining \. on input line 2322.
LaTeX Info: Redefining \% on input line 2322.
LaTeX Info: Redefining \. on input line 2322.
LaTeX Info: Redefining \% on input line 2322.
 [50]
LaTeX Info: Redefining \. on input line 2385.
LaTeX Info: Redefining \% on input line 2385.
LaTeX Info: Redefining \. on input line 2385.
LaTeX Info: Redefining \% on input line 2385.
 [51]
Overfull \hbox (27.33226pt too wide) in paragraph at lines 2428--2440
 [] 
 []

LaTeX Info: Redefining \. on input line 2440.
LaTeX Info: Redefining \% on input line 2440.
LaTeX Info: Redefining \. on input line 2440.
LaTeX Info: Redefining \% on input line 2440.
[52]
Overfull \hbox (122.60562pt too wide) in paragraph at lines 2446--2449
[]\OT1/cmr/m/it/12 Use la ho-ja de c^^Salcu-lo pa-ra ve-ri-fi-car las si-guien-
tes so-lu-cio-nes: $\OT1/cmr/m/n/12 (\OML/cmm/m/it/12 x[]; x[]\OT1/cmr/m/n/12 )
 = (7\OML/cmm/m/it/12 ; \OT1/cmr/m/n/12 7)\OML/cmm/m/it/12 ; \OT1/cmr/m/n/12 (7
\OML/cmm/m/it/12 ; \OT1/cmr/m/n/12 8)\OML/cmm/m/it/12 ; \OT1/cmr/m/n/12 (8\OML/
cmm/m/it/12 ; \OT1/cmr/m/n/12 7)\OML/cmm/m/it/12 ; \OT1/cmr/m/n/12 (8\OML/cmm/m
/it/12 ; \OT1/cmr/m/n/12 8)\OML/cmm/m/it/12 ; \OT1/cmr/m/n/12 (8\OML/cmm/m/it/1
2 ; \OT1/cmr/m/n/12 9)\OML/cmm/m/it/12 ; \OT1/cmr/m/n/12 (9\OML/cmm/m/it/12 ; \
OT1/cmr/m/n/12 8)$\OT1/cmr/m/it/12 .
 []

LaTeX Info: Redefining \. on input line 2498.
LaTeX Info: Redefining \% on input line 2498.
LaTeX Info: Redefining \. on input line 2498.
LaTeX Info: Redefining \% on input line 2498.
[53]
LaTeX Info: Redefining \. on input line 2555.
LaTeX Info: Redefining \% on input line 2555.
LaTeX Info: Redefining \. on input line 2555.
LaTeX Info: Redefining \% on input line 2555.
 [54]
LaTeX Info: Redefining \. on input line 2595.
LaTeX Info: Redefining \% on input line 2595.
LaTeX Info: Redefining \. on input line 2595.
LaTeX Info: Redefining \% on input line 2595.
 [55]
Overfull \hbox (25.21657pt too wide) in paragraph at lines 2614--2615
 [] 
 []

LaTeX Info: Redefining \. on input line 2642.
LaTeX Info: Redefining \% on input line 2642.
LaTeX Info: Redefining \. on input line 2642.
LaTeX Info: Redefining \% on input line 2642.
[56]
LaTeX Info: Redefining \. on input line 2700.
LaTeX Info: Redefining \% on input line 2700.
LaTeX Info: Redefining \. on input line 2700.
LaTeX Info: Redefining \% on input line 2700.
 [57]
LaTeX Info: Redefining \. on input line 2754.
LaTeX Info: Redefining \% on input line 2754.
LaTeX Info: Redefining \. on input line 2754.
LaTeX Info: Redefining \% on input line 2754.
 [58]
LaTeX Info: Redefining \. on input line 2818.
LaTeX Info: Redefining \% on input line 2818.
LaTeX Info: Redefining \. on input line 2818.
LaTeX Info: Redefining \% on input line 2818.
 [59]
LaTeX Info: Redefining \. on input line 2871.
LaTeX Info: Redefining \% on input line 2871.
LaTeX Info: Redefining \. on input line 2871.
LaTeX Info: Redefining \% on input line 2871.
 [60]
LaTeX Info: Redefining \. on input line 2924.
LaTeX Info: Redefining \% on input line 2924.
LaTeX Info: Redefining \. on input line 2924.
LaTeX Info: Redefining \% on input line 2924.
 [61]
LaTeX Info: Redefining \. on input line 2962.
LaTeX Info: Redefining \% on input line 2962.
LaTeX Info: Redefining \. on input line 2962.
LaTeX Info: Redefining \% on input line 2962.
 [62]
LaTeX Info: Redefining \. on input line 2996.
LaTeX Info: Redefining \% on input line 2996.
LaTeX Info: Redefining \. on input line 2996.
LaTeX Info: Redefining \% on input line 2996.
 [63]
LaTeX Info: Redefining \. on input line 3053.
LaTeX Info: Redefining \% on input line 3053.
LaTeX Info: Redefining \. on input line 3053.
LaTeX Info: Redefining \% on input line 3053.
 [64]
Overfull \hbox (162.22783pt too wide) in paragraph at lines 3086--3095
 [] 
 []

LaTeX Info: Redefining \. on input line 3103.
LaTeX Info: Redefining \% on input line 3103.
LaTeX Info: Redefining \. on input line 3103.
LaTeX Info: Redefining \% on input line 3103.
[65]
Overfull \hbox (159.1472pt too wide) in paragraph at lines 3148--3155
 [] 
 []

LaTeX Info: Redefining \. on input line 3162.
LaTeX Info: Redefining \% on input line 3162.
LaTeX Info: Redefining \. on input line 3162.
LaTeX Info: Redefining \% on input line 3162.
[66]
LaTeX Info: Redefining \. on input line 3213.
LaTeX Info: Redefining \% on input line 3213.
LaTeX Info: Redefining \. on input line 3213.
LaTeX Info: Redefining \% on input line 3213.
 [67]
LaTeX Info: Redefining \. on input line 3245.
LaTeX Info: Redefining \% on input line 3245.
LaTeX Info: Redefining \. on input line 3245.
LaTeX Info: Redefining \% on input line 3245.
 [68]
LaTeX Info: Redefining \. on input line 3290.
LaTeX Info: Redefining \% on input line 3290.
LaTeX Info: Redefining \. on input line 3290.
LaTeX Info: Redefining \% on input line 3290.
 [69]
LaTeX Info: Redefining \. on input line 3357.
LaTeX Info: Redefining \% on input line 3357.
LaTeX Info: Redefining \. on input line 3357.
LaTeX Info: Redefining \% on input line 3357.
 [70])
LaTeX Info: Redefining \. on input line 171.
LaTeX Info: Redefining \% on input line 171.
LaTeX Info: Redefining \. on input line 171.
LaTeX Info: Redefining \% on input line 171.
 [71] (./NotasCursoOptimizacion.bbl
LaTeX Info: Redefining \. on input line 103.
LaTeX Info: Redefining \% on input line 103.
LaTeX Info: Redefining \. on input line 103.
LaTeX Info: Redefining \% on input line 103.
 [72]
LaTeX Font Info:    Trying to load font information for OMS+cmr on input line 1
41.

(/usr/local/texlive/2024/texmf-dist/tex/latex/base/omscmr.fd
File: omscmr.fd 2023/04/13 v2.5m Standard LaTeX font definitions
)
LaTeX Font Info:    Font shape `OMS/cmr/m/it' in size <12> not available
(Font)              Font shape `OMS/cmsy/m/n' tried instead on input line 141.
)
LaTeX Info: Redefining \. on input line 181.
LaTeX Info: Redefining \% on input line 181.
LaTeX Info: Redefining \. on input line 181.
LaTeX Info: Redefining \% on input line 181.
 [73]
(./NotasCursoOptimizacion.aux
LaTeX Info: Redefining \. on input line 11.
LaTeX Info: Redefining \% on input line 11.
)
 ***********
LaTeX2e <2023-11-01> patch level 1
L3 programming layer <2024-02-20>
 ***********
Package rerunfilecheck Info: File `NotasCursoOptimizacion.out' has not changed.

(rerunfilecheck)             Checksum: 41E8BCE1A49DCF8E268ED8160B3617F4;2164.
 ) 
Here is how much of TeX's memory you used:
 26384 strings out of 474116
 479235 string characters out of 5743681
 1954187 words of memory out of 5000000
 47899 multiletter control sequences out of 15000+600000
 569054 words of font info for 74 fonts, out of 8000000 for 9000
 1141 hyphenation exceptions out of 8191
 101i,14n,107p,1650b,924s stack positions out of 10000i,1000n,20000p,200000b,200000s
</usr/local/texlive/2024/texmf-dist/fonts/type1/public/amsfonts/cm/cmbx12.pfb
></usr/local/texlive/2024/texmf-dist/fonts/type1/public/amsfonts/cm/cmbxti10.pf
b></usr/local/texlive/2024/texmf-dist/fonts/type1/public/amsfonts/cm/cmex10.pfb
></usr/local/texlive/2024/texmf-dist/fonts/type1/public/amsfonts/cm/cmmi12.pfb>
</usr/local/texlive/2024/texmf-dist/fonts/type1/public/amsfonts/cm/cmmi6.pfb></
usr/local/texlive/2024/texmf-dist/fonts/type1/public/amsfonts/cm/cmmi8.pfb></us
r/local/texlive/2024/texmf-dist/fonts/type1/public/amsfonts/cm/cmr10.pfb></usr/
local/texlive/2024/texmf-dist/fonts/type1/public/amsfonts/cm/cmr12.pfb></usr/lo
cal/texlive/2024/texmf-dist/fonts/type1/public/amsfonts/cm/cmr6.pfb></usr/local
/texlive/2024/texmf-dist/fonts/type1/public/amsfonts/cm/cmr8.pfb></usr/local/te
xlive/2024/texmf-dist/fonts/type1/public/amsfonts/cm/cmsy10.pfb></usr/local/tex
live/2024/texmf-dist/fonts/type1/public/amsfonts/cm/cmsy8.pfb></usr/local/texli
ve/2024/texmf-dist/fonts/type1/public/amsfonts/cm/cmti10.pfb></usr/local/texliv
e/2024/texmf-dist/fonts/type1/public/amsfonts/cm/cmti12.pfb></usr/local/texlive
/2024/texmf-dist/fonts/type1/public/amsfonts/cm/cmtt12.pfb></usr/local/texlive/
2024/texmf-dist/fonts/type1/public/amsfonts/symbols/msbm10.pfb></usr/local/texl
ive/2024/texmf-dist/fonts/type1/public/cm-super/sfti1200.pfb>
Output written on NotasCursoOptimizacion.pdf (76 pages, 427309 bytes).
PDF statistics:
 915 PDF objects out of 1000 (max. 8388607)
 795 compressed objects within 8 object streams
 420 named destinations out of 1000 (max. 500000)
 133 words of extra memory for PDF output out of 10000 (max. 10000000)

